42.0 APEX_CODE,FINEST;APEX_PROFILING,INFO;CALLOUT,INFO;DB,INFO;SYSTEM,DEBUG;VALIDATION,INFO;VISUALFORCE,INFO;WAVE,INFO;WORKFLOW,INFO
15:25:22.0 (355177)|USER_INFO|[EXTERNAL]|005f40000029qop|gcastro.10@altimetrik.com|Hora de Argentina|GMT-03:00
15:25:22.0 (393041)|EXECUTION_STARTED
15:25:22.0 (398131)|CODE_UNIT_STARTED|[EXTERNAL]|01qf4000001clwL|sendEmail on Compensation trigger event AfterInsert
15:25:22.0 (457679)|HEAP_ALLOCATE|[EXTERNAL]|Bytes:8
15:25:22.0 (923379)|HEAP_ALLOCATE|[72]|Bytes:3
15:25:22.0 (967997)|HEAP_ALLOCATE|[77]|Bytes:152
15:25:22.0 (982310)|HEAP_ALLOCATE|[342]|Bytes:408
15:25:22.0 (994144)|HEAP_ALLOCATE|[355]|Bytes:408
15:25:22.0 (1004889)|HEAP_ALLOCATE|[467]|Bytes:48
15:25:22.0 (1034330)|HEAP_ALLOCATE|[139]|Bytes:6
15:25:22.0 (1068211)|HEAP_ALLOCATE|[EXTERNAL]|Bytes:4
15:25:22.0 (1079925)|VARIABLE_SCOPE_BEGIN|[1]|this|sendEmail|true|false
15:25:22.0 (1138636)|VARIABLE_ASSIGNMENT|[1]|this|{}|0x7a9bf3be
15:25:22.0 (1197817)|HEAP_ALLOCATE|[EXTERNAL]|Bytes:4
15:25:22.0 (1306707)|VARIABLE_SCOPE_BEGIN|[1]|this|sendEmail|true|false
15:25:22.0 (1323522)|VARIABLE_ASSIGNMENT|[1]|this|{}|0x7a9bf3be
15:25:22.0 (1332506)|STATEMENT_EXECUTE|[1]
15:25:22.0 (1373505)|HEAP_ALLOCATE|[50]|Bytes:5
15:25:22.0 (1397338)|HEAP_ALLOCATE|[56]|Bytes:5
15:25:22.0 (1406031)|HEAP_ALLOCATE|[64]|Bytes:7
15:25:22.0 (1771836)|HEAP_ALLOCATE|[3]|Bytes:5
15:25:22.0 (1801971)|VARIABLE_SCOPE_BEGIN|[3]|comp|Compensation__c|true|false
15:25:22.0 (2411884)|VARIABLE_ASSIGNMENT|[3]|comp|{"LastModifiedDate":"2018-06-04T18:25:22.000Z","IsDeleted":false,"Office__c":"MVD WTC 2","Contact__c":"003f400000P4I8cAAF","Name":"Prueba 2","SystemModstamp":"2018-06-04T18:25:22.000Z","Types__c":"Salary","CreatedById":"005f40000029qopAAA","End_date__c":"2018-06-04T00:00:00.000Z","Submitted__c":false,"Start_date__c":"2018-06-04T00:00:00.000Z","CreatedDate":"2018-06-04T18:25:22.000Z","Location__c":"Uruguay","Id":"a01f400000GzsZ6AAJ","Status__c":"NOT SUBMITTED","LastModifiedById":"005f40000029qopAAA","Job_Category__c":"Semi-Senior","Tax__c":0.00}|0x4f431175
15:25:22.0 (2430061)|STATEMENT_EXECUTE|[4]
15:25:22.0 (2434719)|HEAP_ALLOCATE|[5]|Bytes:11
15:25:22.0 (2516068)|HEAP_ALLOCATE|[5]|Bytes:7
15:25:22.0 (2531571)|HEAP_ALLOCATE|[5]|Bytes:7
15:25:22.0 (2571157)|STATEMENT_EXECUTE|[6]
15:25:22.0 (2573290)|STATEMENT_EXECUTE|[7]
15:25:22.0 (2576010)|HEAP_ALLOCATE|[7]|Bytes:10
15:25:22.0 (2612899)|HEAP_ALLOCATE|[7]|Bytes:4
15:25:22.0 (2630678)|HEAP_ALLOCATE|[7]|Bytes:4
15:25:22.0 (2636492)|VARIABLE_SCOPE_BEGIN|[7]|contactId|Id|false|false
15:25:22.0 (2950981)|VARIABLE_ASSIGNMENT|[7]|contactId|"003f400000P4I8cAAF"
15:25:22.0 (2958422)|STATEMENT_EXECUTE|[8]
15:25:22.0 (2962049)|HEAP_ALLOCATE|[8]|Bytes:53
15:25:22.0 (2981887)|HEAP_ALLOCATE|[8]|Bytes:4
15:25:22.0 (2994642)|HEAP_ALLOCATE|[8]|Bytes:7
15:25:22.0 (3190192)|SOQL_EXECUTE_BEGIN|[8]|Aggregations:0|SELECT Email FROM Contact WHERE Id = :tmpVar1 LIMIT 1
15:25:22.0 (5131925)|SOQL_EXECUTE_END|[8]|Rows:1
15:25:22.0 (5156010)|HEAP_ALLOCATE|[8]|Bytes:8
15:25:22.0 (5171865)|HEAP_ALLOCATE|[8]|Bytes:60
15:25:22.0 (5236315)|HEAP_ALLOCATE|[8]|Bytes:8
15:25:22.0 (5248758)|HEAP_ALLOCATE|[8]|Bytes:33
15:25:22.0 (5285477)|HEAP_ALLOCATE|[8]|Bytes:12
15:25:22.0 (5293137)|VARIABLE_SCOPE_BEGIN|[8]|ct|Contact|true|false
15:25:22.0 (5316573)|VARIABLE_ASSIGNMENT|[8]|ct|{"Email":"gcastro@altimetrik.c (2 more) ...","Id":"003f400000P4I8cAAF"}|0x74e13bd3
15:25:22.0 (5323507)|STATEMENT_EXECUTE|[9]
15:25:22.0 (5326591)|HEAP_ALLOCATE|[9]|Bytes:6
15:25:22.0 (5331025)|HEAP_ALLOCATE|[9]|Bytes:8
15:25:22.0 (5394245)|HEAP_ALLOCATE|[9]|Bytes:6
15:25:22.0 (5427724)|HEAP_ALLOCATE|[9]|Bytes:6
15:25:22.0 (5436635)|HEAP_ALLOCATE|[9]|Bytes:10
15:25:22.0 (5441293)|HEAP_ALLOCATE|[10]|Bytes:9
15:25:22.0 (5493053)|HEAP_ALLOCATE|[10]|Bytes:2
15:25:22.0 (5506747)|HEAP_ALLOCATE|[9]|Bytes:28
15:25:22.0 (5511679)|VARIABLE_SCOPE_BEGIN|[9]|info|String|false|false
15:25:22.0 (5524311)|VARIABLE_ASSIGNMENT|[9]|info|"Type: Salary/nAmount (8 more) ..."
15:25:22.0 (5529277)|STATEMENT_EXECUTE|[12]
15:25:22.0 (5532128)|HEAP_ALLOCATE|[12]|Bytes:277
15:25:22.0 (5536592)|VARIABLE_SCOPE_BEGIN|[12]|htmlBody|String|false|false
15:25:22.0 (5548344)|VARIABLE_ASSIGNMENT|[12]|htmlBody|"\u003Chtml\u003E\u003Chead\u003E\u003C/head\u003E\u003C (257 more) ..."
15:25:22.0 (5553304)|STATEMENT_EXECUTE|[31]
15:25:22.0 (5578215)|HEAP_ALLOCATE|[31]|Bytes:19
15:25:22.0 (5697033)|HEAP_ALLOCATE|[31]|Bytes:4
15:25:22.0 (5704727)|HEAP_ALLOCATE|[31]|Bytes:5
15:25:22.0 (5720333)|METHOD_ENTRY|[1]|01pf400000GTY2u|EmailManager.EmailManager()
15:25:22.0 (5725828)|STATEMENT_EXECUTE|[1]
15:25:22.0 (5730188)|STATEMENT_EXECUTE|[1]
15:25:22.0 (5737312)|METHOD_EXIT|[1]|EmailManager
15:25:22.0 (5763062)|METHOD_ENTRY|[31]|01pf400000GTY2u|EmailManager.sendMail(String, String, String)
15:25:22.0 (5786165)|VARIABLE_SCOPE_BEGIN|[3]|address|String|false|false
15:25:22.0 (5798291)|VARIABLE_ASSIGNMENT|[3]|address|"gcastro@altimetrik.c (2 more) ..."
15:25:22.0 (5803654)|VARIABLE_SCOPE_BEGIN|[3]|subject|String|false|false
15:25:22.0 (5811304)|VARIABLE_ASSIGNMENT|[3]|subject|"Compensation added!"
15:25:22.0 (5815649)|VARIABLE_SCOPE_BEGIN|[3]|htmlBody|String|false|false
15:25:22.0 (5824072)|VARIABLE_ASSIGNMENT|[3]|htmlBody|"\u003Chtml\u003E\u003Chead\u003E\u003C/head\u003E\u003C (257 more) ..."
15:25:22.0 (5832989)|STATEMENT_EXECUTE|[3]
15:25:22.0 (5834735)|STATEMENT_EXECUTE|[5]
15:25:22.0 (5896919)|VARIABLE_SCOPE_BEGIN|[5]|mail|Messaging.SingleEmailMessage|true|false
15:25:22.0 (6083236)|VARIABLE_ASSIGNMENT|[5]|mail|"common.api.soap.wsdl.SingleEmailMessage@10c5b54f"|0x6d072b27
15:25:22.0 (6093947)|STATEMENT_EXECUTE|[6]
15:25:22.0 (6110188)|HEAP_ALLOCATE|[6]|Bytes:4
15:25:22.0 (6178100)|VARIABLE_SCOPE_BEGIN|[6]|toAddresses|List<String>|true|false
15:25:22.0 (6206163)|HEAP_ALLOCATE|[EXTERNAL]|Bytes:8
15:25:22.0 (6222334)|VARIABLE_ASSIGNMENT|[6]|toAddresses|["gcastro@altimetrik.c (2 more) ..."]|0x5347953c
15:25:22.0 (6228530)|STATEMENT_EXECUTE|[7]
15:25:22.0 (6308358)|STATEMENT_EXECUTE|[8]
15:25:22.0 (6344760)|STATEMENT_EXECUTE|[10]
15:25:22.0 (6356375)|STATEMENT_EXECUTE|[13]
15:25:22.0 (6387145)|HEAP_ALLOCATE|[14]|Bytes:4
15:25:22.0 (6464240)|HEAP_ALLOCATE|[EXTERNAL]|Bytes:8
15:25:22.0 (6678359)|HEAP_ALLOCATE|[EXTERNAL]|Bytes:8
15:25:22.0 (35010512)|EMAIL_QUEUE|[13]|subject: Compensation added!, bccSender: false, saveAsActivity: true, useSignature: true, toAddresses: [gcastro@altimetrik.com], htmlBody: <html><head></head><body bgcolor="#f6f8f1"><table width="100%" bgcolor="#f6f8f1" border="0" cellpadding="0" cellspacing="0"><tr><td><table class="content" align="center" cellpadding="0" cellspacing="0" border="0"><tr><td>Hello!</td></tr></table></td></tr></table></body></html>, 
15:25:22.0 (35102690)|HEAP_ALLOCATE|[EXTERNAL]|Bytes:8
15:25:22.0 (35153279)|HEAP_ALLOCATE|[13]|Bytes:8
15:25:22.0 (35184392)|VARIABLE_SCOPE_BEGIN|[13]|results|List<Messaging.SendEmailResult>|true|false
15:25:22.0 (35345984)|VARIABLE_ASSIGNMENT|[13]|results|"common.apex.runtime.impl.ScalarList@68795b12"|0x6e165bf1
15:25:22.0 (35357285)|STATEMENT_EXECUTE|[17]
15:25:22.0 (35395207)|METHOD_ENTRY|[17]|01pf400000GTY2u|EmailManager.inspectResults(List<Messaging.SendEmailResult>)
15:25:22.0 (35434960)|VARIABLE_SCOPE_BEGIN|[21]|results|List<Messaging.SendEmailResult>|true|false
15:25:22.0 (35544893)|VARIABLE_ASSIGNMENT|[21]|results|"common.apex.runtime.impl.ScalarList@68795b12"|0x6e165bf1
15:25:22.0 (35558112)|STATEMENT_EXECUTE|[21]
15:25:22.0 (35560177)|STATEMENT_EXECUTE|[22]
15:25:22.0 (35567475)|VARIABLE_SCOPE_BEGIN|[22]|sendResult|Boolean|false|false
15:25:22.0 (35586935)|HEAP_ALLOCATE|[22]|Bytes:5
15:25:22.0 (35596674)|VARIABLE_ASSIGNMENT|[22]|sendResult|true
15:25:22.0 (35765862)|HEAP_ALLOCATE|[28]|Bytes:5
15:25:22.0 (35835064)|HEAP_ALLOCATE|[28]|Bytes:4
15:25:22.0 (35869457)|VARIABLE_SCOPE_BEGIN|[28]|res|Messaging.SendEmailResult|true|false
15:25:22.0 (35974159)|VARIABLE_ASSIGNMENT|[28]|res|"common.api.soap.wsdl.SendEmailResult@68795af3"|0x181cd8e3
15:25:22.0 (35984043)|STATEMENT_EXECUTE|[28]
15:25:22.0 (36015225)|STATEMENT_EXECUTE|[29]
15:25:22.0 (36017819)|STATEMENT_EXECUTE|[30]
15:25:22.0 (36023008)|HEAP_ALLOCATE|[30]|Bytes:23
15:25:22.0 (36237721)|USER_DEBUG|[30]|DEBUG|Email sent successfully
15:25:22.0 (36262263)|HEAP_ALLOCATE|[28]|Bytes:5
15:25:22.0 (36276025)|VARIABLE_ASSIGNMENT|[28]|res|null|
15:25:22.0 (36281974)|STATEMENT_EXECUTE|[38]
15:25:22.0 (36288602)|METHOD_EXIT|[17]|01pf400000GTY2u|EmailManager.inspectResults(List<Messaging.SendEmailResult>)
15:25:22.0 (36299120)|METHOD_EXIT|[31]|01pf400000GTY2u|EmailManager.sendMail(String, String, String)
15:25:22.0 (36310888)|HEAP_ALLOCATE|[3]|Bytes:5
15:25:22.0 (36323631)|VARIABLE_ASSIGNMENT|[3]|comp|null|
15:25:22.36 (36336737)|CUMULATIVE_LIMIT_USAGE
15:25:22.36 (36336737)|LIMIT_USAGE_FOR_NS|(default)|
  Number of SOQL queries: 1 out of 100
  Number of query rows: 1 out of 50000
  Number of SOSL queries: 0 out of 20
  Number of DML statements: 0 out of 150
  Number of DML rows: 0 out of 10000
  Maximum CPU time: 0 out of 10000
  Maximum heap size: 0 out of 6000000
  Number of callouts: 0 out of 100
  Number of Email Invocations: 1 out of 10
  Number of future calls: 0 out of 50
  Number of queueable jobs added to the queue: 0 out of 50
  Number of Mobile Apex push calls: 0 out of 10

15:25:22.36 (36336737)|CUMULATIVE_LIMIT_USAGE_END

15:25:22.0 (37596681)|CODE_UNIT_FINISHED|sendEmail on Compensation trigger event AfterInsert
15:25:22.0 (38705356)|EXECUTION_FINISHED
