42.0 APEX_CODE,FINEST;APEX_PROFILING,INFO;CALLOUT,INFO;DB,INFO;SYSTEM,DEBUG;VALIDATION,INFO;VISUALFORCE,INFO;WAVE,INFO;WORKFLOW,INFO
17:04:49.0 (326773)|USER_INFO|[EXTERNAL]|005f40000029qop|gcastro.10@altimetrik.com|Hora de Argentina|GMT-03:00
17:04:49.0 (357676)|EXECUTION_STARTED
17:04:49.0 (361742)|CODE_UNIT_STARTED|[EXTERNAL]|VisualForce View State
17:04:49.0 (122087404)|HEAP_ALLOCATE|[72]|Bytes:3
17:04:49.0 (122136336)|HEAP_ALLOCATE|[77]|Bytes:152
17:04:49.0 (122151987)|HEAP_ALLOCATE|[342]|Bytes:408
17:04:49.0 (122163761)|HEAP_ALLOCATE|[355]|Bytes:408
17:04:49.0 (122173274)|HEAP_ALLOCATE|[467]|Bytes:48
17:04:49.0 (122202005)|HEAP_ALLOCATE|[139]|Bytes:6
17:04:49.0 (122227352)|HEAP_ALLOCATE|[50]|Bytes:5
17:04:49.0 (122249237)|HEAP_ALLOCATE|[56]|Bytes:5
17:04:49.0 (122262062)|HEAP_ALLOCATE|[64]|Bytes:7
17:04:49.0 (123720243)|CODE_UNIT_FINISHED|VisualForce View State
17:04:49.0 (125056375)|EXECUTION_FINISHED
17:04:49.126 (126331974)|USER_INFO|[EXTERNAL]|005f40000029qop|gcastro.10@altimetrik.com|Hora de Argentina|GMT-03:00
17:04:49.126 (126385875)|SYSTEM_MODE_ENTER|true
17:04:49.126 (126467292)|HEAP_ALLOCATE|[EXTERNAL]|Bytes:38
17:04:49.126 (126477884)|HEAP_ALLOCATE|[EXTERNAL]|Bytes:7
17:04:49.126 (126489310)|SYSTEM_METHOD_ENTRY|[1]|PageMessagesComponentController.PageMessagesComponentController()
17:04:49.126 (126495490)|STATEMENT_EXECUTE|[1]
17:04:49.232 (232331913)|CUMULATIVE_LIMIT_USAGE
17:04:49.232 (232331913)|LIMIT_USAGE_FOR_NS|(default)|
  Number of SOQL queries: 0 out of 100
  Number of query rows: 0 out of 50000
  Number of SOSL queries: 0 out of 20
  Number of DML statements: 0 out of 150
  Number of DML rows: 0 out of 10000
  Maximum CPU time: 0 out of 10000
  Maximum heap size: 0 out of 6000000
  Number of callouts: 0 out of 100
  Number of Email Invocations: 0 out of 10
  Number of future calls: 0 out of 50
  Number of queueable jobs added to the queue: 0 out of 50
  Number of Mobile Apex push calls: 0 out of 10

17:04:49.232 (232331913)|CUMULATIVE_LIMIT_USAGE_END

